lerna(info)    Lerna v2.0.0-beta.30
lerna(debug)   Attempting running RunCommand.initialize
lerna(debug)   Successfully ran RunCommand.initialize
lerna(debug)   Attempting running RunCommand.execute
lerna(info)    
> cl-component-base@1.0.0 style /Users/vkronsel/component-library/packages/cl-component-base
> grunt component:style

Running "less:component" (less) task
>> FileError: 'cl-component-base.source.less' wasn't found. Tried - src/less/cl-component-base.source.less,src/less/cl-component-base.source.less,cl-component-base.source.less in src/less/sg-component-base.dist.less on line 3, column 1:
>> 2 
>> 3 @import (once) "cl-component-base.source.less";
>> 4
Warning: Error compiling src/less/sg-component-base.dist.less Use --force to continue.

Aborted due to warnings.

lerna(error)   Errored while running npm script 'style' in 'cl-component-base'
    Error: Command failed: /bin/sh -c npm run style 
    
    npm ERR! Darwin 15.6.0
    npm ERR! argv "/usr/local/bin/node" "/usr/local/bin/npm" "run" "style"
    npm ERR! node v4.4.2
    npm ERR! npm  v2.15.0
    npm ERR! code ELIFECYCLE
    npm ERR! cl-component-base@1.0.0 style: `grunt component:style`
    npm ERR! Exit status 6
    npm ERR! 
    npm ERR! Failed at the cl-component-base@1.0.0 style script 'grunt component:style'.
    npm ERR! This is most likely a problem with the cl-component-base package,
    npm ERR! not with npm itself.
    npm ERR! Tell the author that this fails on your system:
    npm ERR!     grunt component:style
    npm ERR! You can get information on how to open an issue for this project with:
    npm ERR!     npm bugs cl-component-base
    npm ERR! Or if that isn't available, you can get their info via:
    npm ERR! 
    npm ERR!     npm owner ls cl-component-base
    npm ERR! There is likely additional logging output above.
    
    npm ERR! Please include the following file with any support request:
    npm ERR!     /Users/vkronsel/component-library/packages/cl-component-base/npm-debug.log
    
        at ChildProcess.exithandler (child_process.js:213:12)
        at emitTwo (events.js:87:13)
        at ChildProcess.emit (events.js:172:7)
        at maybeClose (internal/child_process.js:827:16)
        at Socket.<anonymous> (internal/child_process.js:319:11)
        at emitOne (events.js:77:13)
        at Socket.emit (events.js:169:7)
        at Pipe._onclose (net.js:477:12)
lerna(error)   Errored while running RunCommand.execute
